# JRE version: Java(TM) SE Runtime Environment (7.0_65-b17) (build 1.7.0_65-b17)
# Java VM: Java HotSpot(TM) 64-Bit Server VM (24.65-b04 mixed mode bsd-amd64 compressed oops)
Heap
 par new generation   total 613440K, used 8563K [0x00000006fae00000, 0x0000000724790000, 0x0000000724790000)
  eden space 545344K,   1% used [0x00000006fae00000, 0x00000006fb65cc20, 0x000000071c290000)
  from space 68096K,   0% used [0x000000071c290000, 0x000000071c290000, 0x0000000720510000)
  to   space 68096K,   0% used [0x0000000720510000, 0x0000000720510000, 0x0000000724790000)
 concurrent mark-sweep generation total 3512768K, used 3209946K [0x0000000724790000, 0x00000007fae00000, 0x00000007fae00000)
 concurrent-mark-sweep perm gen total 29476K, used 17670K [0x00000007fae00000, 0x00000007fcac9000, 0x0000000800000000)
GC Heap History (10 events):
Event: 69.070 GC heap before
{Heap before GC invocations=25 (full 15):
 par new generation   total 78784K, used 70391K [0x00000006fae00000, 0x0000000700370000, 0x0000000724790000)
  eden space 70080K, 100% used [0x00000006fae00000, 0x00000006ff270000, 0x00000006ff270000)
  from space 8704K,   3% used [0x00000006ffaf0000, 0x00000006ffb3dc60, 0x0000000700370000)
  to   space 8704K,   0% used [0x00000006ff270000, 0x00000006ff270000, 0x00000006ffaf0000)
 concurrent mark-sweep generation total 174784K, used 30769K [0x0000000724790000, 0x000000072f240000, 0x00000007fae00000)
 concurrent-mark-sweep perm gen total 29284K, used 17643K [0x00000007fae00000, 0x00000007fca99000, 0x0000000800000000)
Event: 69.072 GC heap after
Heap after GC invocations=26 (full 15):
 par new generation   total 78784K, used 850K [0x00000006fae00000, 0x0000000700370000, 0x0000000724790000)
  eden space 70080K,   0% used [0x00000006fae00000, 0x00000006fae00000, 0x00000006ff270000)
  from space 8704K,   9% used [0x00000006ff270000, 0x00000006ff344ac8, 0x00000006ffaf0000)
  to   space 8704K,   0% used [0x00000006ffaf0000, 0x00000006ffaf0000, 0x0000000700370000)
 concurrent mark-sweep generation total 174784K, used 30769K [0x0000000724790000, 0x000000072f240000, 0x00000007fae00000)
 concurrent-mark-sweep perm gen total 29284K, used 17643K [0x00000007fae00000, 0x00000007fca99000, 0x0000000800000000)
}
Event: 73.311 GC heap before
{Heap before GC invocations=26 (full 15):
 par new generation   total 78784K, used 65350K [0x00000006fae00000, 0x0000000700370000, 0x0000000724790000)
  eden space 70080K,  92% used [0x00000006fae00000, 0x00000006fecfcd90, 0x00000006ff270000)
  from space 8704K,   9% used [0x00000006ff270000, 0x00000006ff344ac8, 0x00000006ffaf0000)
  to   space 8704K,   0% used [0x00000006ffaf0000, 0x00000006ffaf0000, 0x0000000700370000)
 concurrent mark-sweep generation total 174784K, used 30769K [0x0000000724790000, 0x000000072f240000, 0x00000007fae00000)
 concurrent-mark-sweep perm gen total 29284K, used 17668K [0x00000007fae00000, 0x00000007fca99000, 0x0000000800000000)
Event: 73.313 GC heap after
Heap after GC invocations=27 (full 15):
 par new generation   total 78784K, used 6360K [0x00000006fae00000, 0x0000000700370000, 0x0000000724790000)
  eden space 70080K,   0% used [0x00000006fae00000, 0x00000006fae00000, 0x00000006ff270000)
  from space 8704K,  73% used [0x00000006ffaf0000, 0x00000007001260f0, 0x0000000700370000)
  to   space 8704K,   0% used [0x00000006ff270000, 0x00000006ff270000, 0x00000006ffaf0000)
 concurrent mark-sweep generation total 174784K, used 30769K [0x0000000724790000, 0x000000072f240000, 0x00000007fae00000)
 concurrent-mark-sweep perm gen total 29284K, used 17668K [0x00000007fae00000, 0x00000007fca99000, 0x0000000800000000)
}
Event: 73.417 GC heap before
{Heap before GC invocations=27 (full 15):
 par new generation   total 78784K, used 56935K [0x00000006fae00000, 0x0000000700370000, 0x0000000724790000)
  eden space 70080K,  72% used [0x00000006fae00000, 0x00000006fdf63e90, 0x00000006ff270000)
  from space 8704K,  73% used [0x00000006ffaf0000, 0x00000007001260f0, 0x0000000700370000)
  to   space 8704K,   0% used [0x00000006ff270000, 0x00000006ff270000, 0x00000006ffaf0000)
 concurrent mark-sweep generation total 174784K, used 30769K [0x0000000724790000, 0x000000072f240000, 0x00000007fae00000)
 concurrent-mark-sweep perm gen total 29284K, used 17668K [0x00000007fae00000, 0x00000007fca99000, 0x0000000800000000)
Event: 73.500 GC heap after
Heap after GC invocations=28 (full 16):
 par new generation   total 78784K, used 0K [0x00000006fae00000, 0x0000000700370000, 0x0000000724790000)
  eden space 70080K,   0% used [0x00000006fae00000, 0x00000006fae00000, 0x00000006ff270000)
  from space 8704K,   0% used [0x00000006ff270000, 0x00000006ff270000, 0x00000006ffaf0000)
  to   space 8704K,   0% used [0x00000006ffaf0000, 0x00000006ffaf0000, 0x0000000700370000)
 concurrent mark-sweep generation total 174784K, used 65781K [0x0000000724790000, 0x000000072f240000, 0x00000007fae00000)
 concurrent-mark-sweep perm gen total 29476K, used 17667K [0x00000007fae00000, 0x00000007fcac9000, 0x0000000800000000)
}
Event: 73.855 GC heap before
{Heap before GC invocations=28 (full 17):
 par new generation   total 78784K, used 774K [0x00000006fae00000, 0x0000000700370000, 0x0000000724790000)
  eden space 70080K,   1% used [0x00000006fae00000, 0x00000006faec1ac0, 0x00000006ff270000)
  from space 8704K,   0% used [0x00000006ff270000, 0x00000006ff270000, 0x00000006ffaf0000)
  to   space 8704K,   0% used [0x00000006ffaf0000, 0x00000006ffaf0000, 0x0000000700370000)
 concurrent mark-sweep generation total 374816K, used 224889K [0x0000000724790000, 0x000000073b598000, 0x00000007fae00000)
 concurrent-mark-sweep perm gen total 29476K, used 17667K [0x00000007fae00000, 0x00000007fcac9000, 0x0000000800000000)
Event: 73.929 GC heap after
Heap after GC invocations=29 (full 18):
 par new generation   total 168768K, used 0K [0x00000006fae00000, 0x0000000706510000, 0x0000000724790000)
  eden space 150080K,   0% used [0x00000006fae00000, 0x00000006fae00000, 0x0000000704090000)
  from space 18688K,   0% used [0x0000000704090000, 0x0000000704090000, 0x00000007052d0000)
  to   space 18688K,   0% used [0x00000007052d0000, 0x00000007052d0000, 0x0000000706510000)
 concurrent mark-sweep generation total 374816K, used 185068K [0x0000000724790000, 0x000000073b598000, 0x00000007fae00000)
 concurrent-mark-sweep perm gen total 29476K, used 17667K [0x00000007fae00000, 0x00000007fcac9000, 0x0000000800000000)
}
Event: 75.273 GC heap before
{Heap before GC invocations=29 (full 19):
 par new generation   total 168768K, used 1183K [0x00000006fae00000, 0x0000000706510000, 0x0000000724790000)
  eden space 150080K,   0% used [0x00000006fae00000, 0x00000006faf27eb8, 0x0000000704090000)
  from space 18688K,   0% used [0x0000000704090000, 0x0000000704090000, 0x00000007052d0000)
  to   space 18688K,   0% used [0x00000007052d0000, 0x00000007052d0000, 0x0000000706510000)
 concurrent mark-sweep generation total 1369780K, used 821867K [0x0000000724790000, 0x000000077813d000, 0x00000007fae00000)
 concurrent-mark-sweep perm gen total 29476K, used 17667K [0x00000007fae00000, 0x00000007fcac9000, 0x0000000800000000)
Event: 75.442 GC heap after
Heap after GC invocations=30 (full 20):
 par new generation   total 613440K, used 0K [0x00000006fae00000, 0x0000000724790000, 0x0000000724790000)
  eden space 545344K,   0% used [0x00000006fae00000, 0x00000006fae00000, 0x000000071c290000)
  from space 68096K,   0% used [0x000000071c290000, 0x000000071c290000, 0x0000000720510000)
  to   space 68096K,   0% used [0x0000000720510000, 0x0000000720510000, 0x0000000724790000)
 concurrent mark-sweep generation total 1369780K, used 662746K [0x0000000724790000, 0x000000077813d000, 0x00000007fae00000)
 concurrent-mark-sweep perm gen total 29476K, used 17667K [0x00000007fae00000, 0x00000007fcac9000, 0x0000000800000000)
}

