# JRE version: Java(TM) SE Runtime Environment (7.0_65-b17) (build 1.7.0_65-b17)
# Java VM: Java HotSpot(TM) 64-Bit Server VM (24.65-b04 mixed mode bsd-amd64 compressed oops)
Heap
 par new generation   total 613440K, used 6503K [0x00000006fae00000, 0x0000000724790000, 0x0000000724790000)
  eden space 545344K,   1% used [0x00000006fae00000, 0x00000006fb459dd0, 0x000000071c290000)
  from space 68096K,   0% used [0x000000071c290000, 0x000000071c290000, 0x0000000720510000)
  to   space 68096K,   0% used [0x0000000720510000, 0x0000000720510000, 0x0000000724790000)
 concurrent mark-sweep generation total 3512768K, used 3211317K [0x0000000724790000, 0x00000007fae00000, 0x00000007fae00000)
 concurrent-mark-sweep perm gen total 29220K, used 17471K [0x00000007fae00000, 0x00000007fca89000, 0x0000000800000000)
GC Heap History (10 events):
Event: 132.780 GC heap before
{Heap before GC invocations=23 (full 12):
 par new generation   total 78784K, used 70453K [0x00000006fae00000, 0x0000000700370000, 0x0000000724790000)
  eden space 70080K, 100% used [0x00000006fae00000, 0x00000006ff270000, 0x00000006ff270000)
  from space 8704K,   4% used [0x00000006ffaf0000, 0x00000006ffb4d430, 0x0000000700370000)
  to   space 8704K,   0% used [0x00000006ff270000, 0x00000006ff270000, 0x00000006ffaf0000)
 concurrent mark-sweep generation total 174784K, used 32162K [0x0000000724790000, 0x000000072f240000, 0x00000007fae00000)
 concurrent-mark-sweep perm gen total 29028K, used 17457K [0x00000007fae00000, 0x00000007fca59000, 0x0000000800000000)
Event: 132.782 GC heap after
Heap after GC invocations=24 (full 12):
 par new generation   total 78784K, used 951K [0x00000006fae00000, 0x0000000700370000, 0x0000000724790000)
  eden space 70080K,   0% used [0x00000006fae00000, 0x00000006fae00000, 0x00000006ff270000)
  from space 8704K,  10% used [0x00000006ff270000, 0x00000006ff35dd38, 0x00000006ffaf0000)
  to   space 8704K,   0% used [0x00000006ffaf0000, 0x00000006ffaf0000, 0x0000000700370000)
 concurrent mark-sweep generation total 174784K, used 32162K [0x0000000724790000, 0x000000072f240000, 0x00000007fae00000)
 concurrent-mark-sweep perm gen total 29028K, used 17457K [0x00000007fae00000, 0x00000007fca59000, 0x0000000800000000)
}
Event: 135.514 GC heap before
{Heap before GC invocations=24 (full 12):
 par new generation   total 78784K, used 52817K [0x00000006fae00000, 0x0000000700370000, 0x0000000724790000)
  eden space 70080K,  74% used [0x00000006fae00000, 0x00000006fe0a6770, 0x00000006ff270000)
  from space 8704K,  10% used [0x00000006ff270000, 0x00000006ff35dd38, 0x00000006ffaf0000)
  to   space 8704K,   0% used [0x00000006ffaf0000, 0x00000006ffaf0000, 0x0000000700370000)
 concurrent mark-sweep generation total 174784K, used 32162K [0x0000000724790000, 0x000000072f240000, 0x00000007fae00000)
 concurrent-mark-sweep perm gen total 29028K, used 17471K [0x00000007fae00000, 0x00000007fca59000, 0x0000000800000000)
Event: 135.522 GC heap after
Heap after GC invocations=25 (full 12):
 par new generation   total 78784K, used 1512K [0x00000006fae00000, 0x0000000700370000, 0x0000000724790000)
  eden space 70080K,   0% used [0x00000006fae00000, 0x00000006fae00000, 0x00000006ff270000)
  from space 8704K,  17% used [0x00000006ffaf0000, 0x00000006ffc6a040, 0x0000000700370000)
  to   space 8704K,   0% used [0x00000006ff270000, 0x00000006ff270000, 0x00000006ffaf0000)
 concurrent mark-sweep generation total 174784K, used 42112K [0x0000000724790000, 0x000000072f240000, 0x00000007fae00000)
 concurrent-mark-sweep perm gen total 29028K, used 17471K [0x00000007fae00000, 0x00000007fca59000, 0x0000000800000000)
}
Event: 135.607 GC heap before
{Heap before GC invocations=25 (full 12):
 par new generation   total 78784K, used 42001K [0x00000006fae00000, 0x0000000700370000, 0x0000000724790000)
  eden space 70080K,  57% used [0x00000006fae00000, 0x00000006fd58a6a8, 0x00000006ff270000)
  from space 8704K,  17% used [0x00000006ffaf0000, 0x00000006ffc6a040, 0x0000000700370000)
  to   space 8704K,   0% used [0x00000006ff270000, 0x00000006ff270000, 0x00000006ffaf0000)
 concurrent mark-sweep generation total 174784K, used 42112K [0x0000000724790000, 0x000000072f240000, 0x00000007fae00000)
 concurrent-mark-sweep perm gen total 29028K, used 17471K [0x00000007fae00000, 0x00000007fca59000, 0x0000000800000000)
Event: 135.693 GC heap after
Heap after GC invocations=26 (full 13):
 par new generation   total 78784K, used 0K [0x00000006fae00000, 0x0000000700370000, 0x0000000724790000)
  eden space 70080K,   0% used [0x00000006fae00000, 0x00000006fae00000, 0x00000006ff270000)
  from space 8704K,   0% used [0x00000006ff270000, 0x00000006ff270000, 0x00000006ffaf0000)
  to   space 8704K,   0% used [0x00000006ffaf0000, 0x00000006ffaf0000, 0x0000000700370000)
 concurrent mark-sweep generation total 174784K, used 67180K [0x0000000724790000, 0x000000072f240000, 0x00000007fae00000)
 concurrent-mark-sweep perm gen total 29220K, used 17470K [0x00000007fae00000, 0x00000007fca89000, 0x0000000800000000)
}
Event: 136.063 GC heap before
{Heap before GC invocations=26 (full 14):
 par new generation   total 78784K, used 710K [0x00000006fae00000, 0x0000000700370000, 0x0000000724790000)
  eden space 70080K,   1% used [0x00000006fae00000, 0x00000006faeb1878, 0x00000006ff270000)
  from space 8704K,   0% used [0x00000006ff270000, 0x00000006ff270000, 0x00000006ffaf0000)
  to   space 8704K,   0% used [0x00000006ffaf0000, 0x00000006ffaf0000, 0x0000000700370000)
 concurrent mark-sweep generation total 377280K, used 226366K [0x0000000724790000, 0x000000073b800000, 0x00000007fae00000)
 concurrent-mark-sweep perm gen total 29220K, used 17470K [0x00000007fae00000, 0x00000007fca89000, 0x0000000800000000)
Event: 136.148 GC heap after
Heap after GC invocations=27 (full 15):
 par new generation   total 169920K, used 0K [0x00000006fae00000, 0x0000000706650000, 0x0000000724790000)
  eden space 151104K,   0% used [0x00000006fae00000, 0x00000006fae00000, 0x0000000704190000)
  from space 18816K,   0% used [0x0000000704190000, 0x0000000704190000, 0x00000007053f0000)
  to   space 18816K,   0% used [0x00000007053f0000, 0x00000007053f0000, 0x0000000706650000)
 concurrent mark-sweep generation total 377280K, used 186468K [0x0000000724790000, 0x000000073b800000, 0x00000007fae00000)
 concurrent-mark-sweep perm gen total 29220K, used 17470K [0x00000007fae00000, 0x00000007fca89000, 0x0000000800000000)
}
Event: 137.543 GC heap before
{Heap before GC invocations=27 (full 16):
 par new generation   total 169920K, used 2282K [0x00000006fae00000, 0x0000000706650000, 0x0000000724790000)
  eden space 151104K,   1% used [0x00000006fae00000, 0x00000006fb03a860, 0x0000000704190000)
  from space 18816K,   0% used [0x0000000704190000, 0x0000000704190000, 0x00000007053f0000)
  to   space 18816K,   0% used [0x00000007053f0000, 0x00000007053f0000, 0x0000000706650000)
 concurrent mark-sweep generation total 1372112K, used 823267K [0x0000000724790000, 0x0000000778384000, 0x00000007fae00000)
 concurrent-mark-sweep perm gen total 29220K, used 17470K [0x00000007fae00000, 0x00000007fca89000, 0x0000000800000000)
Event: 137.711 GC heap after
Heap after GC invocations=28 (full 17):
 par new generation   total 613440K, used 0K [0x00000006fae00000, 0x0000000724790000, 0x0000000724790000)
  eden space 545344K,   0% used [0x00000006fae00000, 0x00000006fae00000, 0x000000071c290000)
  from space 68096K,   0% used [0x000000071c290000, 0x000000071c290000, 0x0000000720510000)
  to   space 68096K,   0% used [0x0000000720510000, 0x0000000720510000, 0x0000000724790000)
 concurrent mark-sweep generation total 1372112K, used 664117K [0x0000000724790000, 0x0000000778384000, 0x00000007fae00000)
 concurrent-mark-sweep perm gen total 29220K, used 17470K [0x00000007fae00000, 0x00000007fca89000, 0x0000000800000000)
}

