# JRE version: Java(TM) SE Runtime Environment (7.0_65-b17) (build 1.7.0_65-b17)
# Java VM: Java HotSpot(TM) 64-Bit Server VM (24.65-b04 mixed mode bsd-amd64 compressed oops)
Heap
 par new generation   total 613440K, used 5802K [0x00000006fae00000, 0x0000000724790000, 0x0000000724790000)
  eden space 545344K,   1% used [0x00000006fae00000, 0x00000006fb3aaa58, 0x000000071c290000)
  from space 68096K,   0% used [0x000000071c290000, 0x000000071c290000, 0x0000000720510000)
  to   space 68096K,   0% used [0x0000000720510000, 0x0000000720510000, 0x0000000724790000)
 concurrent mark-sweep generation total 3512768K, used 3217741K [0x0000000724790000, 0x00000007fae00000, 0x00000007fae00000)
 concurrent-mark-sweep perm gen total 34416K, used 20629K [0x00000007fae00000, 0x00000007fcf9c000, 0x0000000800000000)
GC Heap History (10 events):
Event: 475.141 GC heap before
{Heap before GC invocations=75 (full 52):
 par new generation   total 78784K, used 70396K [0x00000006fae00000, 0x0000000700370000, 0x0000000724790000)
  eden space 70080K, 100% used [0x00000006fae00000, 0x00000006ff270000, 0x00000006ff270000)
  from space 8704K,   3% used [0x00000006ff270000, 0x00000006ff2bf2e8, 0x00000006ffaf0000)
  to   space 8704K,   0% used [0x00000006ffaf0000, 0x00000006ffaf0000, 0x0000000700370000)
 concurrent mark-sweep generation total 174784K, used 44167K [0x0000000724790000, 0x000000072f240000, 0x00000007fae00000)
 concurrent-mark-sweep perm gen total 34224K, used 20624K [0x00000007fae00000, 0x00000007fcf6c000, 0x0000000800000000)
Event: 475.144 GC heap after
Heap after GC invocations=76 (full 52):
 par new generation   total 78784K, used 954K [0x00000006fae00000, 0x0000000700370000, 0x0000000724790000)
  eden space 70080K,   0% used [0x00000006fae00000, 0x00000006fae00000, 0x00000006ff270000)
  from space 8704K,  10% used [0x00000006ffaf0000, 0x00000006ffbde9a8, 0x0000000700370000)
  to   space 8704K,   0% used [0x00000006ff270000, 0x00000006ff270000, 0x00000006ffaf0000)
 concurrent mark-sweep generation total 174784K, used 44167K [0x0000000724790000, 0x000000072f240000, 0x00000007fae00000)
 concurrent-mark-sweep perm gen total 34224K, used 20624K [0x00000007fae00000, 0x00000007fcf6c000, 0x0000000800000000)
}
Event: 478.426 GC heap before
{Heap before GC invocations=76 (full 52):
 par new generation   total 78784K, used 60895K [0x00000006fae00000, 0x0000000700370000, 0x0000000724790000)
  eden space 70080K,  85% used [0x00000006fae00000, 0x00000006fe889560, 0x00000006ff270000)
  from space 8704K,  10% used [0x00000006ffaf0000, 0x00000006ffbde9a8, 0x0000000700370000)
  to   space 8704K,   0% used [0x00000006ff270000, 0x00000006ff270000, 0x00000006ffaf0000)
 concurrent mark-sweep generation total 174784K, used 44167K [0x0000000724790000, 0x000000072f240000, 0x00000007fae00000)
 concurrent-mark-sweep perm gen total 34224K, used 20629K [0x00000007fae00000, 0x00000007fcf6c000, 0x0000000800000000)
Event: 478.432 GC heap after
Heap after GC invocations=77 (full 52):
 par new generation   total 78784K, used 1416K [0x00000006fae00000, 0x0000000700370000, 0x0000000724790000)
  eden space 70080K,   0% used [0x00000006fae00000, 0x00000006fae00000, 0x00000006ff270000)
  from space 8704K,  16% used [0x00000006ff270000, 0x00000006ff3d2228, 0x00000006ffaf0000)
  to   space 8704K,   0% used [0x00000006ffaf0000, 0x00000006ffaf0000, 0x0000000700370000)
 concurrent mark-sweep generation total 174784K, used 54117K [0x0000000724790000, 0x000000072f240000, 0x00000007fae00000)
 concurrent-mark-sweep perm gen total 34224K, used 20629K [0x00000007fae00000, 0x00000007fcf6c000, 0x0000000800000000)
}
Event: 478.519 GC heap before
{Heap before GC invocations=77 (full 52):
 par new generation   total 78784K, used 41908K [0x00000006fae00000, 0x0000000700370000, 0x0000000724790000)
  eden space 70080K,  57% used [0x00000006fae00000, 0x00000006fd58afd0, 0x00000006ff270000)
  from space 8704K,  16% used [0x00000006ff270000, 0x00000006ff3d2228, 0x00000006ffaf0000)
  to   space 8704K,   0% used [0x00000006ffaf0000, 0x00000006ffaf0000, 0x0000000700370000)
 concurrent mark-sweep generation total 174784K, used 54117K [0x0000000724790000, 0x000000072f240000, 0x00000007fae00000)
 concurrent-mark-sweep perm gen total 34224K, used 20629K [0x00000007fae00000, 0x00000007fcf6c000, 0x0000000800000000)
Event: 478.619 GC heap after
Heap after GC invocations=78 (full 53):
 par new generation   total 78784K, used 0K [0x00000006fae00000, 0x0000000700370000, 0x0000000724790000)
  eden space 70080K,   0% used [0x00000006fae00000, 0x00000006fae00000, 0x00000006ff270000)
  from space 8704K,   0% used [0x00000006ffaf0000, 0x00000006ffaf0000, 0x0000000700370000)
  to   space 8704K,   0% used [0x00000006ff270000, 0x00000006ff270000, 0x00000006ffaf0000)
 concurrent mark-sweep generation total 174784K, used 73582K [0x0000000724790000, 0x000000072f240000, 0x00000007fae00000)
 concurrent-mark-sweep perm gen total 34416K, used 20629K [0x00000007fae00000, 0x00000007fcf9c000, 0x0000000800000000)
}
Event: 478.974 GC heap before
{Heap before GC invocations=78 (full 54):
 par new generation   total 78784K, used 617K [0x00000006fae00000, 0x0000000700370000, 0x0000000724790000)
  eden space 70080K,   0% used [0x00000006fae00000, 0x00000006fae9a7b0, 0x00000006ff270000)
  from space 8704K,   0% used [0x00000006ffaf0000, 0x00000006ffaf0000, 0x0000000700370000)
  to   space 8704K,   0% used [0x00000006ff270000, 0x00000006ff270000, 0x00000006ffaf0000)
 concurrent mark-sweep generation total 387808K, used 232683K [0x0000000724790000, 0x000000073c248000, 0x00000007fae00000)
 concurrent-mark-sweep perm gen total 34416K, used 20629K [0x00000007fae00000, 0x00000007fcf9c000, 0x0000000800000000)
Event: 479.075 GC heap after
Heap after GC invocations=79 (full 55):
 par new generation   total 174592K, used 0K [0x00000006fae00000, 0x0000000706b70000, 0x0000000724790000)
  eden space 155200K,   0% used [0x00000006fae00000, 0x00000006fae00000, 0x0000000704590000)
  from space 19392K,   0% used [0x0000000704590000, 0x0000000704590000, 0x0000000705880000)
  to   space 19392K,   0% used [0x0000000705880000, 0x0000000705880000, 0x0000000706b70000)
 concurrent mark-sweep generation total 387808K, used 192863K [0x0000000724790000, 0x000000073c248000, 0x00000007fae00000)
 concurrent-mark-sweep perm gen total 34416K, used 20629K [0x00000007fae00000, 0x00000007fcf9c000, 0x0000000800000000)
}
Event: 480.472 GC heap before
{Heap before GC invocations=79 (full 56):
 par new generation   total 174592K, used 1192K [0x00000006fae00000, 0x0000000706b70000, 0x0000000724790000)
  eden space 155200K,   0% used [0x00000006fae00000, 0x00000006faf2a0e8, 0x0000000704590000)
  from space 19392K,   0% used [0x0000000704590000, 0x0000000704590000, 0x0000000705880000)
  to   space 19392K,   0% used [0x0000000705880000, 0x0000000705880000, 0x0000000706b70000)
 concurrent mark-sweep generation total 1382772K, used 829662K [0x0000000724790000, 0x0000000778ded000, 0x00000007fae00000)
 concurrent-mark-sweep perm gen total 34416K, used 20629K [0x00000007fae00000, 0x00000007fcf9c000, 0x0000000800000000)
Event: 480.654 GC heap after
Heap after GC invocations=80 (full 57):
 par new generation   total 613440K, used 0K [0x00000006fae00000, 0x0000000724790000, 0x0000000724790000)
  eden space 545344K,   0% used [0x00000006fae00000, 0x00000006fae00000, 0x000000071c290000)
  from space 68096K,   0% used [0x000000071c290000, 0x000000071c290000, 0x0000000720510000)
  to   space 68096K,   0% used [0x0000000720510000, 0x0000000720510000, 0x0000000724790000)
 concurrent mark-sweep generation total 1382772K, used 670541K [0x0000000724790000, 0x0000000778ded000, 0x00000007fae00000)
 concurrent-mark-sweep perm gen total 34416K, used 20629K [0x00000007fae00000, 0x00000007fcf9c000, 0x0000000800000000)
}

