# JRE version: Java(TM) SE Runtime Environment (7.0_65-b17) (build 1.7.0_65-b17)
# Java VM: Java HotSpot(TM) 64-Bit Server VM (24.65-b04 mixed mode bsd-amd64 compressed oops)
Heap
 par new generation   total 613440K, used 1598K [0x00000006fae00000, 0x0000000724790000, 0x0000000724790000)
  eden space 545344K,   0% used [0x00000006fae00000, 0x00000006faf8f9a0, 0x000000071c290000)
  from space 68096K,   0% used [0x000000071c290000, 0x000000071c290000, 0x0000000720510000)
  to   space 68096K,   0% used [0x0000000720510000, 0x0000000720510000, 0x0000000724790000)
 concurrent mark-sweep generation total 3512768K, used 3217243K [0x0000000724790000, 0x00000007fae00000, 0x00000007fae00000)
 concurrent-mark-sweep perm gen total 38264K, used 22949K [0x00000007fae00000, 0x00000007fd35e000, 0x0000000800000000)
GC Heap History (10 events):
Event: 924.944 GC heap before
{Heap before GC invocations=194 (full 58):
 par new generation   total 78784K, used 70488K [0x00000006fae00000, 0x0000000700370000, 0x0000000724790000)
  eden space 70080K,  99% used [0x00000006fae00000, 0x00000006ff244a88, 0x00000006ff270000)
  from space 8704K,   6% used [0x00000006ff270000, 0x00000006ff3015b0, 0x00000006ffaf0000)
  to   space 8704K,   0% used [0x00000006ffaf0000, 0x00000006ffaf0000, 0x0000000700370000)
 concurrent mark-sweep generation total 174784K, used 56367K [0x0000000724790000, 0x000000072f240000, 0x00000007fae00000)
 concurrent-mark-sweep perm gen total 38264K, used 22949K [0x00000007fae00000, 0x00000007fd35e000, 0x0000000800000000)
Event: 924.949 GC heap after
Heap after GC invocations=195 (full 58):
 par new generation   total 78784K, used 907K [0x00000006fae00000, 0x0000000700370000, 0x0000000724790000)
  eden space 70080K,   0% used [0x00000006fae00000, 0x00000006fae00000, 0x00000006ff270000)
  from space 8704K,  10% used [0x00000006ffaf0000, 0x00000006ffbd2f28, 0x0000000700370000)
  to   space 8704K,   0% used [0x00000006ff270000, 0x00000006ff270000, 0x00000006ffaf0000)
 concurrent mark-sweep generation total 174784K, used 56393K [0x0000000724790000, 0x000000072f240000, 0x00000007fae00000)
 concurrent-mark-sweep perm gen total 38264K, used 22949K [0x00000007fae00000, 0x00000007fd35e000, 0x0000000800000000)
}
Event: 925.300 GC heap before
{Heap before GC invocations=195 (full 58):
 par new generation   total 78784K, used 31391K [0x00000006fae00000, 0x0000000700370000, 0x0000000724790000)
  eden space 70080K,  43% used [0x00000006fae00000, 0x00000006fcbc50a8, 0x00000006ff270000)
  from space 8704K,  10% used [0x00000006ffaf0000, 0x00000006ffbd2f28, 0x0000000700370000)
  to   space 8704K,   0% used [0x00000006ff270000, 0x00000006ff270000, 0x00000006ffaf0000)
 concurrent mark-sweep generation total 174784K, used 56393K [0x0000000724790000, 0x000000072f240000, 0x00000007fae00000)
 concurrent-mark-sweep perm gen total 38264K, used 22949K [0x00000007fae00000, 0x00000007fd35e000, 0x0000000800000000)
Event: 925.308 GC heap after
Heap after GC invocations=196 (full 58):
 par new generation   total 78784K, used 1080K [0x00000006fae00000, 0x0000000700370000, 0x0000000724790000)
  eden space 70080K,   0% used [0x00000006fae00000, 0x00000006fae00000, 0x00000006ff270000)
  from space 8704K,  12% used [0x00000006ff270000, 0x00000006ff37e1e8, 0x00000006ffaf0000)
  to   space 8704K,   0% used [0x00000006ffaf0000, 0x00000006ffaf0000, 0x0000000700370000)
 concurrent mark-sweep generation total 174784K, used 66370K [0x0000000724790000, 0x000000072f240000, 0x00000007fae00000)
 concurrent-mark-sweep perm gen total 38264K, used 22949K [0x00000007fae00000, 0x00000007fd35e000, 0x0000000800000000)
}
Event: 925.391 GC heap before
{Heap before GC invocations=196 (full 59):
 par new generation   total 78784K, used 43919K [0x00000006fae00000, 0x0000000700370000, 0x0000000724790000)
  eden space 70080K,  61% used [0x00000006fae00000, 0x00000006fd7d5c08, 0x00000006ff270000)
  from space 8704K,  12% used [0x00000006ff270000, 0x00000006ff37e1e8, 0x00000006ffaf0000)
  to   space 8704K,   0% used [0x00000006ffaf0000, 0x00000006ffaf0000, 0x0000000700370000)
 concurrent mark-sweep generation total 174784K, used 66370K [0x0000000724790000, 0x000000072f240000, 0x00000007fae00000)
 concurrent-mark-sweep perm gen total 38264K, used 22949K [0x00000007fae00000, 0x00000007fd35e000, 0x0000000800000000)
Event: 925.530 GC heap after
Heap after GC invocations=197 (full 60):
 par new generation   total 78784K, used 0K [0x00000006fae00000, 0x0000000700370000, 0x0000000724790000)
  eden space 70080K,   0% used [0x00000006fae00000, 0x00000006fae00000, 0x00000006ff270000)
  from space 8704K,   0% used [0x00000006ffaf0000, 0x00000006ffaf0000, 0x0000000700370000)
  to   space 8704K,   0% used [0x00000006ff270000, 0x00000006ff270000, 0x00000006ffaf0000)
 concurrent mark-sweep generation total 174784K, used 73217K [0x0000000724790000, 0x000000072f240000, 0x00000007fae00000)
 concurrent-mark-sweep perm gen total 38264K, used 22949K [0x00000007fae00000, 0x00000007fd35e000, 0x0000000800000000)
}
Event: 926.005 GC heap before
{Heap before GC invocations=197 (full 61):
 par new generation   total 78784K, used 386K [0x00000006fae00000, 0x0000000700370000, 0x0000000724790000)
  eden space 70080K,   0% used [0x00000006fae00000, 0x00000006fae60b10, 0x00000006ff270000)
  from space 8704K,   0% used [0x00000006ffaf0000, 0x00000006ffaf0000, 0x0000000700370000)
  to   space 8704K,   0% used [0x00000006ff270000, 0x00000006ff270000, 0x00000006ffaf0000)
 concurrent mark-sweep generation total 387320K, used 232390K [0x0000000724790000, 0x000000073c1ce000, 0x00000007fae00000)
 concurrent-mark-sweep perm gen total 38264K, used 22949K [0x00000007fae00000, 0x00000007fd35e000, 0x0000000800000000)
Event: 926.141 GC heap after
Heap after GC invocations=198 (full 62):
 par new generation   total 174400K, used 0K [0x00000006fae00000, 0x0000000706b30000, 0x0000000724790000)
  eden space 155072K,   0% used [0x00000006fae00000, 0x00000006fae00000, 0x0000000704570000)
  from space 19328K,   0% used [0x0000000704570000, 0x0000000704570000, 0x0000000705850000)
  to   space 19328K,   0% used [0x0000000705850000, 0x0000000705850000, 0x0000000706b30000)
 concurrent mark-sweep generation total 387320K, used 192462K [0x0000000724790000, 0x000000073c1ce000, 0x00000007fae00000)
 concurrent-mark-sweep perm gen total 38264K, used 22949K [0x00000007fae00000, 0x00000007fd35e000, 0x0000000800000000)
}
Event: 927.273 GC heap before
{Heap before GC invocations=198 (full 63):
 par new generation   total 174400K, used 567K [0x00000006fae00000, 0x0000000706b30000, 0x0000000724790000)
  eden space 155072K,   0% used [0x00000006fae00000, 0x00000006fae8ddc8, 0x0000000704570000)
  from space 19328K,   0% used [0x0000000704570000, 0x0000000704570000, 0x0000000705850000)
  to   space 19328K,   0% used [0x0000000705850000, 0x0000000705850000, 0x0000000706b30000)
 concurrent mark-sweep generation total 1382100K, used 829259K [0x0000000724790000, 0x0000000778d45000, 0x00000007fae00000)
 concurrent-mark-sweep perm gen total 38264K, used 22949K [0x00000007fae00000, 0x00000007fd35e000, 0x0000000800000000)
Event: 927.503 GC heap after
Heap after GC invocations=199 (full 64):
 par new generation   total 613440K, used 0K [0x00000006fae00000, 0x0000000724790000, 0x0000000724790000)
  eden space 545344K,   0% used [0x00000006fae00000, 0x00000006fae00000, 0x000000071c290000)
  from space 68096K,   0% used [0x000000071c290000, 0x000000071c290000, 0x0000000720510000)
  to   space 68096K,   0% used [0x0000000720510000, 0x0000000720510000, 0x0000000724790000)
 concurrent mark-sweep generation total 1382100K, used 670044K [0x0000000724790000, 0x0000000778d45000, 0x00000007fae00000)
 concurrent-mark-sweep perm gen total 38264K, used 22949K [0x00000007fae00000, 0x00000007fd35e000, 0x0000000800000000)
}

